<?xml version="1.0" encoding="UTF-8"?>
<testsuite xmlns:xsi="http://www.w3.org/2001/XMLSchema-instance" xsi:noNamespaceSchemaLocation="https://maven.apache.org/surefire/maven-surefire-plugin/xsd/surefire-test-report.xsd" name="BookingTest" time="22.957" tests="11" errors="0" skipped="0" failures="0">
  <properties>
    <property name="sun.desktop" value="gnome"/>
    <property name="awt.toolkit" value="sun.awt.X11.XToolkit"/>
    <property name="java.specification.version" value="11"/>
    <property name="sun.cpu.isalist" value=""/>
    <property name="sun.jnu.encoding" value="UTF-8"/>
    <property name="java.class.path" value="/home/sciuro/Dev/java/Booking/target/test-classes:/home/sciuro/Dev/java/Booking/target/classes:/home/sciuro/.m2/repository/io/rest-assured/json-path/4.5.1/json-path-4.5.1.jar:/home/sciuro/.m2/repository/org/codehaus/groovy/groovy-json/3.0.9/groovy-json-3.0.9.jar:/home/sciuro/.m2/repository/org/codehaus/groovy/groovy/3.0.9/groovy-3.0.9.jar:/home/sciuro/.m2/repository/io/rest-assured/rest-assured-common/4.5.1/rest-assured-common-4.5.1.jar:/home/sciuro/.m2/repository/io/rest-assured/rest-assured/4.5.1/rest-assured-4.5.1.jar:/home/sciuro/.m2/repository/org/codehaus/groovy/groovy-xml/3.0.9/groovy-xml-3.0.9.jar:/home/sciuro/.m2/repository/org/apache/httpcomponents/httpclient/4.5.13/httpclient-4.5.13.jar:/home/sciuro/.m2/repository/org/apache/httpcomponents/httpcore/4.4.13/httpcore-4.4.13.jar:/home/sciuro/.m2/repository/commons-logging/commons-logging/1.2/commons-logging-1.2.jar:/home/sciuro/.m2/repository/commons-codec/commons-codec/1.11/commons-codec-1.11.jar:/home/sciuro/.m2/repository/org/apache/httpcomponents/httpmime/4.5.13/httpmime-4.5.13.jar:/home/sciuro/.m2/repository/org/hamcrest/hamcrest/2.1/hamcrest-2.1.jar:/home/sciuro/.m2/repository/org/ccil/cowan/tagsoup/tagsoup/1.2.1/tagsoup-1.2.1.jar:/home/sciuro/.m2/repository/io/rest-assured/xml-path/4.5.1/xml-path-4.5.1.jar:/home/sciuro/.m2/repository/io/rest-assured/json-schema-validator/4.5.1/json-schema-validator-4.5.1.jar:/home/sciuro/.m2/repository/com/github/java-json-tools/json-schema-validator/2.2.14/json-schema-validator-2.2.14.jar:/home/sciuro/.m2/repository/com/google/guava/guava/28.2-android/guava-28.2-android.jar:/home/sciuro/.m2/repository/com/google/guava/failureaccess/1.0.1/failureaccess-1.0.1.jar:/home/sciuro/.m2/repository/com/google/guava/listenablefuture/9999.0-empty-to-avoid-conflict-with-guava/listenablefuture-9999.0-empty-to-avoid-conflict-with-guava.jar:/home/sciuro/.m2/repository/org/checkerframework/checker-compat-qual/2.5.5/checker-compat-qual-2.5.5.jar:/home/sciuro/.m2/repository/com/google/errorprone/error_prone_annotations/2.3.4/error_prone_annotations-2.3.4.jar:/home/sciuro/.m2/repository/com/google/j2objc/j2objc-annotations/1.3/j2objc-annotations-1.3.jar:/home/sciuro/.m2/repository/com/github/java-json-tools/jackson-coreutils-equivalence/1.0/jackson-coreutils-equivalence-1.0.jar:/home/sciuro/.m2/repository/com/fasterxml/jackson/core/jackson-databind/2.11.0/jackson-databind-2.11.0.jar:/home/sciuro/.m2/repository/com/fasterxml/jackson/core/jackson-annotations/2.11.0/jackson-annotations-2.11.0.jar:/home/sciuro/.m2/repository/com/fasterxml/jackson/core/jackson-core/2.11.0/jackson-core-2.11.0.jar:/home/sciuro/.m2/repository/com/github/java-json-tools/jackson-coreutils/2.0/jackson-coreutils-2.0.jar:/home/sciuro/.m2/repository/com/github/java-json-tools/msg-simple/1.2/msg-simple-1.2.jar:/home/sciuro/.m2/repository/com/github/java-json-tools/btf/1.3/btf-1.3.jar:/home/sciuro/.m2/repository/com/github/java-json-tools/json-schema-core/1.2.14/json-schema-core-1.2.14.jar:/home/sciuro/.m2/repository/com/github/java-json-tools/uri-template/0.10/uri-template-0.10.jar:/home/sciuro/.m2/repository/org/mozilla/rhino/1.7.7.2/rhino-1.7.7.2.jar:/home/sciuro/.m2/repository/com/sun/mail/mailapi/1.6.2/mailapi-1.6.2.jar:/home/sciuro/.m2/repository/joda-time/joda-time/2.10.5/joda-time-2.10.5.jar:/home/sciuro/.m2/repository/com/googlecode/libphonenumber/libphonenumber/8.11.1/libphonenumber-8.11.1.jar:/home/sciuro/.m2/repository/com/google/code/findbugs/jsr305/3.0.2/jsr305-3.0.2.jar:/home/sciuro/.m2/repository/net/sf/jopt-simple/jopt-simple/5.0.4/jopt-simple-5.0.4.jar:/home/sciuro/.m2/repository/org/junit/jupiter/junit-jupiter-engine/5.9.1/junit-jupiter-engine-5.9.1.jar:/home/sciuro/.m2/repository/org/junit/platform/junit-platform-engine/1.9.1/junit-platform-engine-1.9.1.jar:/home/sciuro/.m2/repository/org/opentest4j/opentest4j/1.2.0/opentest4j-1.2.0.jar:/home/sciuro/.m2/repository/org/junit/platform/junit-platform-commons/1.9.1/junit-platform-commons-1.9.1.jar:/home/sciuro/.m2/repository/org/junit/jupiter/junit-jupiter-api/5.9.1/junit-jupiter-api-5.9.1.jar:/home/sciuro/.m2/repository/org/apiguardian/apiguardian-api/1.1.2/apiguardian-api-1.1.2.jar:/home/sciuro/.m2/repository/org/junit/platform/junit-platform-runner/1.9.0/junit-platform-runner-1.9.0.jar:/home/sciuro/.m2/repository/junit/junit/4.13.2/junit-4.13.2.jar:/home/sciuro/.m2/repository/org/hamcrest/hamcrest-core/1.3/hamcrest-core-1.3.jar:/home/sciuro/.m2/repository/org/junit/platform/junit-platform-launcher/1.9.0/junit-platform-launcher-1.9.0.jar:/home/sciuro/.m2/repository/org/junit/platform/junit-platform-suite-api/1.9.0/junit-platform-suite-api-1.9.0.jar:/home/sciuro/.m2/repository/org/junit/platform/junit-platform-suite-commons/1.9.0/junit-platform-suite-commons-1.9.0.jar:/home/sciuro/.m2/repository/com/github/javafaker/javafaker/1.0.2/javafaker-1.0.2.jar:/home/sciuro/.m2/repository/org/apache/commons/commons-lang3/3.5/commons-lang3-3.5.jar:/home/sciuro/.m2/repository/org/yaml/snakeyaml/1.23/snakeyaml-1.23-android.jar:/home/sciuro/.m2/repository/com/github/mifmif/generex/1.0.2/generex-1.0.2.jar:/home/sciuro/.m2/repository/dk/brics/automaton/automaton/1.11-8/automaton-1.11-8.jar:/home/sciuro/.m2/repository/io/qameta/allure/allure-junit5/2.19.0/allure-junit5-2.19.0.jar:/home/sciuro/.m2/repository/io/qameta/allure/allure-junit-platform/2.19.0/allure-junit-platform-2.19.0.jar:/home/sciuro/.m2/repository/io/qameta/allure/allure-java-commons/2.19.0/allure-java-commons-2.19.0.jar:/home/sciuro/.m2/repository/io/qameta/allure/allure-model/2.19.0/allure-model-2.19.0.jar:/home/sciuro/.m2/repository/io/qameta/allure/allure-test-filter/2.19.0/allure-test-filter-2.19.0.jar:/home/sciuro/.m2/repository/org/slf4j/slf4j-simple/2.0.4/slf4j-simple-2.0.4.jar:/home/sciuro/.m2/repository/org/slf4j/slf4j-api/2.0.4/slf4j-api-2.0.4.jar:"/>
    <property name="java.vm.vendor" value="Amazon.com Inc."/>
    <property name="sun.arch.data.model" value="64"/>
    <property name="java.vendor.url" value="https://aws.amazon.com/corretto/"/>
    <property name="File.encoding" value="UFT-8"/>
    <property name="user.timezone" value="America/Sao_Paulo"/>
    <property name="java.vm.specification.version" value="11"/>
    <property name="os.name" value="Linux"/>
    <property name="sun.java.launcher" value="SUN_STANDARD"/>
    <property name="user.country" value="BR"/>
    <property name="sun.boot.library.path" value="/home/sciuro/.jdks/corretto-11.0.17/lib"/>
    <property name="sun.java.command" value="/home/sciuro/Dev/java/Booking/target/surefire/surefirebooter11847772181400651752.jar /home/sciuro/Dev/java/Booking/target/surefire 2022-11-25T13-37-42_618-jvmRun1 surefire7431749930404134400tmp surefire_05226506639401327562tmp"/>
    <property name="jdk.debug" value="release"/>
    <property name="surefire.test.class.path" value="/home/sciuro/Dev/java/Booking/target/test-classes:/home/sciuro/Dev/java/Booking/target/classes:/home/sciuro/.m2/repository/io/rest-assured/json-path/4.5.1/json-path-4.5.1.jar:/home/sciuro/.m2/repository/org/codehaus/groovy/groovy-json/3.0.9/groovy-json-3.0.9.jar:/home/sciuro/.m2/repository/org/codehaus/groovy/groovy/3.0.9/groovy-3.0.9.jar:/home/sciuro/.m2/repository/io/rest-assured/rest-assured-common/4.5.1/rest-assured-common-4.5.1.jar:/home/sciuro/.m2/repository/io/rest-assured/rest-assured/4.5.1/rest-assured-4.5.1.jar:/home/sciuro/.m2/repository/org/codehaus/groovy/groovy-xml/3.0.9/groovy-xml-3.0.9.jar:/home/sciuro/.m2/repository/org/apache/httpcomponents/httpclient/4.5.13/httpclient-4.5.13.jar:/home/sciuro/.m2/repository/org/apache/httpcomponents/httpcore/4.4.13/httpcore-4.4.13.jar:/home/sciuro/.m2/repository/commons-logging/commons-logging/1.2/commons-logging-1.2.jar:/home/sciuro/.m2/repository/commons-codec/commons-codec/1.11/commons-codec-1.11.jar:/home/sciuro/.m2/repository/org/apache/httpcomponents/httpmime/4.5.13/httpmime-4.5.13.jar:/home/sciuro/.m2/repository/org/hamcrest/hamcrest/2.1/hamcrest-2.1.jar:/home/sciuro/.m2/repository/org/ccil/cowan/tagsoup/tagsoup/1.2.1/tagsoup-1.2.1.jar:/home/sciuro/.m2/repository/io/rest-assured/xml-path/4.5.1/xml-path-4.5.1.jar:/home/sciuro/.m2/repository/io/rest-assured/json-schema-validator/4.5.1/json-schema-validator-4.5.1.jar:/home/sciuro/.m2/repository/com/github/java-json-tools/json-schema-validator/2.2.14/json-schema-validator-2.2.14.jar:/home/sciuro/.m2/repository/com/google/guava/guava/28.2-android/guava-28.2-android.jar:/home/sciuro/.m2/repository/com/google/guava/failureaccess/1.0.1/failureaccess-1.0.1.jar:/home/sciuro/.m2/repository/com/google/guava/listenablefuture/9999.0-empty-to-avoid-conflict-with-guava/listenablefuture-9999.0-empty-to-avoid-conflict-with-guava.jar:/home/sciuro/.m2/repository/org/checkerframework/checker-compat-qual/2.5.5/checker-compat-qual-2.5.5.jar:/home/sciuro/.m2/repository/com/google/errorprone/error_prone_annotations/2.3.4/error_prone_annotations-2.3.4.jar:/home/sciuro/.m2/repository/com/google/j2objc/j2objc-annotations/1.3/j2objc-annotations-1.3.jar:/home/sciuro/.m2/repository/com/github/java-json-tools/jackson-coreutils-equivalence/1.0/jackson-coreutils-equivalence-1.0.jar:/home/sciuro/.m2/repository/com/fasterxml/jackson/core/jackson-databind/2.11.0/jackson-databind-2.11.0.jar:/home/sciuro/.m2/repository/com/fasterxml/jackson/core/jackson-annotations/2.11.0/jackson-annotations-2.11.0.jar:/home/sciuro/.m2/repository/com/fasterxml/jackson/core/jackson-core/2.11.0/jackson-core-2.11.0.jar:/home/sciuro/.m2/repository/com/github/java-json-tools/jackson-coreutils/2.0/jackson-coreutils-2.0.jar:/home/sciuro/.m2/repository/com/github/java-json-tools/msg-simple/1.2/msg-simple-1.2.jar:/home/sciuro/.m2/repository/com/github/java-json-tools/btf/1.3/btf-1.3.jar:/home/sciuro/.m2/repository/com/github/java-json-tools/json-schema-core/1.2.14/json-schema-core-1.2.14.jar:/home/sciuro/.m2/repository/com/github/java-json-tools/uri-template/0.10/uri-template-0.10.jar:/home/sciuro/.m2/repository/org/mozilla/rhino/1.7.7.2/rhino-1.7.7.2.jar:/home/sciuro/.m2/repository/com/sun/mail/mailapi/1.6.2/mailapi-1.6.2.jar:/home/sciuro/.m2/repository/joda-time/joda-time/2.10.5/joda-time-2.10.5.jar:/home/sciuro/.m2/repository/com/googlecode/libphonenumber/libphonenumber/8.11.1/libphonenumber-8.11.1.jar:/home/sciuro/.m2/repository/com/google/code/findbugs/jsr305/3.0.2/jsr305-3.0.2.jar:/home/sciuro/.m2/repository/net/sf/jopt-simple/jopt-simple/5.0.4/jopt-simple-5.0.4.jar:/home/sciuro/.m2/repository/org/junit/jupiter/junit-jupiter-engine/5.9.1/junit-jupiter-engine-5.9.1.jar:/home/sciuro/.m2/repository/org/junit/platform/junit-platform-engine/1.9.1/junit-platform-engine-1.9.1.jar:/home/sciuro/.m2/repository/org/opentest4j/opentest4j/1.2.0/opentest4j-1.2.0.jar:/home/sciuro/.m2/repository/org/junit/platform/junit-platform-commons/1.9.1/junit-platform-commons-1.9.1.jar:/home/sciuro/.m2/repository/org/junit/jupiter/junit-jupiter-api/5.9.1/junit-jupiter-api-5.9.1.jar:/home/sciuro/.m2/repository/org/apiguardian/apiguardian-api/1.1.2/apiguardian-api-1.1.2.jar:/home/sciuro/.m2/repository/org/junit/platform/junit-platform-runner/1.9.0/junit-platform-runner-1.9.0.jar:/home/sciuro/.m2/repository/junit/junit/4.13.2/junit-4.13.2.jar:/home/sciuro/.m2/repository/org/hamcrest/hamcrest-core/1.3/hamcrest-core-1.3.jar:/home/sciuro/.m2/repository/org/junit/platform/junit-platform-launcher/1.9.0/junit-platform-launcher-1.9.0.jar:/home/sciuro/.m2/repository/org/junit/platform/junit-platform-suite-api/1.9.0/junit-platform-suite-api-1.9.0.jar:/home/sciuro/.m2/repository/org/junit/platform/junit-platform-suite-commons/1.9.0/junit-platform-suite-commons-1.9.0.jar:/home/sciuro/.m2/repository/com/github/javafaker/javafaker/1.0.2/javafaker-1.0.2.jar:/home/sciuro/.m2/repository/org/apache/commons/commons-lang3/3.5/commons-lang3-3.5.jar:/home/sciuro/.m2/repository/org/yaml/snakeyaml/1.23/snakeyaml-1.23-android.jar:/home/sciuro/.m2/repository/com/github/mifmif/generex/1.0.2/generex-1.0.2.jar:/home/sciuro/.m2/repository/dk/brics/automaton/automaton/1.11-8/automaton-1.11-8.jar:/home/sciuro/.m2/repository/io/qameta/allure/allure-junit5/2.19.0/allure-junit5-2.19.0.jar:/home/sciuro/.m2/repository/io/qameta/allure/allure-junit-platform/2.19.0/allure-junit-platform-2.19.0.jar:/home/sciuro/.m2/repository/io/qameta/allure/allure-java-commons/2.19.0/allure-java-commons-2.19.0.jar:/home/sciuro/.m2/repository/io/qameta/allure/allure-model/2.19.0/allure-model-2.19.0.jar:/home/sciuro/.m2/repository/io/qameta/allure/allure-test-filter/2.19.0/allure-test-filter-2.19.0.jar:/home/sciuro/.m2/repository/org/slf4j/slf4j-simple/2.0.4/slf4j-simple-2.0.4.jar:/home/sciuro/.m2/repository/org/slf4j/slf4j-api/2.0.4/slf4j-api-2.0.4.jar:"/>
    <property name="sun.cpu.endian" value="little"/>
    <property name="allure.results.directory" value="/home/sciuro/Dev/java/Booking/target/allure-results"/>
    <property name="user.home" value="/home/sciuro"/>
    <property name="user.language" value="pt"/>
    <property name="java.specification.vendor" value="Oracle Corporation"/>
    <property name="java.version.date" value="2022-10-18"/>
    <property name="java.home" value="/home/sciuro/.jdks/corretto-11.0.17"/>
    <property name="file.separator" value="/"/>
    <property name="basedir" value="/home/sciuro/Dev/java/Booking"/>
    <property name="java.vm.compressedOopsMode" value="Zero based"/>
    <property name="line.separator" value="&#10;"/>
    <property name="java.specification.name" value="Java Platform API Specification"/>
    <property name="java.vm.specification.vendor" value="Oracle Corporation"/>
    <property name="java.awt.graphicsenv" value="sun.awt.X11GraphicsEnvironment"/>
    <property name="surefire.real.class.path" value="/home/sciuro/Dev/java/Booking/target/surefire/surefirebooter11847772181400651752.jar"/>
    <property name="sun.management.compiler" value="HotSpot 64-Bit Tiered Compilers"/>
    <property name="java.runtime.version" value="11.0.17+8-LTS"/>
    <property name="user.name" value="sciuro"/>
    <property name="path.separator" value=":"/>
    <property name="os.version" value="5.18.0-0.deb11.3-amd64"/>
    <property name="java.runtime.name" value="OpenJDK Runtime Environment"/>
    <property name="file.encoding" value="UTF-8"/>
    <property name="junit.jupiter.execution.parallel.config.strategy" value="dynamic"/>
    <property name="java.vm.name" value="OpenJDK 64-Bit Server VM"/>
    <property name="java.vendor.version" value="Corretto-11.0.17.8.1"/>
    <property name="junit.jupiter.execution.parallel.enabled" value="true"/>
    <property name="localRepository" value="/home/sciuro/.m2/repository"/>
    <property name="java.vendor.url.bug" value="https://github.com/corretto/corretto-11/issues/"/>
    <property name="java.io.tmpdir" value="/tmp"/>
    <property name="idea.version" value="2022.2.4"/>
    <property name="java.version" value="11.0.17"/>
    <property name="user.dir" value="/home/sciuro/Dev/java/Booking"/>
    <property name="os.arch" value="amd64"/>
    <property name="java.vm.specification.name" value="Java Virtual Machine Specification"/>
    <property name="java.awt.printerjob" value="sun.print.PSPrinterJob"/>
    <property name="sun.os.patch.level" value="unknown"/>
    <property name="java.library.path" value="/usr/java/packages/lib:/usr/lib64:/lib64:/lib:/usr/lib"/>
    <property name="junit.jupiter.extensions.autodetection.enabled" value="true"/>
    <property name="java.vm.info" value="mixed mode"/>
    <property name="java.vendor" value="Amazon.com Inc."/>
    <property name="java.vm.version" value="11.0.17+8-LTS"/>
    <property name="sun.io.unicode.encoding" value="UnicodeLittle"/>
    <property name="java.class.version" value="55.0"/>
  </properties>
  <testcase name="auth_returnOK" classname="BookingTest" time="5.618"/>
  <testcase name="createBooking_WithValidData_returnOK" classname="BookingTest" time="3.916"/>
  <testcase name="getBookingById_returnOK" classname="BookingTest" time="0.872"/>
  <testcase name="updateBooking_returnOK" classname="BookingTest" time="0.896"/>
  <testcase name="partialUpdateBooking_returnOK" classname="BookingTest" time="0.864"/>
  <testcase name="deleteBooking_returnForbbiden" classname="BookingTest" time="0.841"/>
  <testcase name="deleteBooking_returnOK" classname="BookingTest" time="1.858"/>
  <testcase name="deleteBooking_returnNotAllowed" classname="BookingTest" time="0.927"/>
  <testcase name="getBookingById_returnNotFound" classname="BookingTest" time="0.811"/>
  <testcase name="getAllBookingsById_returnOK" classname="BookingTest" time="2.715"/>
  <testcase name="getAllBookingsByUserFirstName_returnOK" classname="BookingTest" time="0.86"/>
</testsuite>